### Obtaining branch lengths and nucleotide substitution biases under the nucleotide GTR model
* Log(L) =  -571.34, AIC-c =  1197.14 (27 estimated parameters)

### Obtaining the global omega estimate based on relative GTR branch lengths and nucleotide substitution biases
* Log(L) =  -541.85, AIC-c =  1156.12 (35 estimated parameters)
* non-synonymous/synonymous rate ratio for *Reference* =   0.3010
* non-synonymous/synonymous rate ratio for *Test* =   0.6542

### Improving branch lengths, nucleotide substitution biases, and global dN/dS ratios under a full codon model
* Log(L) =  -540.58, AIC-c =  1153.57 (35 estimated parameters)
* non-synonymous/synonymous rate ratio for *Reference* =   0.2095
* non-synonymous/synonymous rate ratio for *Test* =   0.8784

### Fitting the alternative model to test K != 1
* Log(L) =  -540.85, AIC-c =  1162.71 (39 estimated parameters)
* Relaxation/intensification parameter (K) =     6.47
* The following rate distribution was inferred for **test** branches

|          Selection mode           |     dN/dS     |Proportion, %|               Notes               |
|-----------------------------------|---------------|-------------|-----------------------------------|
|        Negative selection         |     0.000     |   35.188    |                                   |
|        Negative selection         |     0.000     |   46.385    |                                   |
|      Diversifying selection       |     4.929     |   18.428    |                                   |

* The following rate distribution was inferred for **reference** branches

|          Selection mode           |     dN/dS     |Proportion, %|               Notes               |
|-----------------------------------|---------------|-------------|-----------------------------------|
|        Negative selection         |     0.000     |   35.188    |                                   |
|        Negative selection         |     0.000     |   46.385    |                                   |
|      Diversifying selection       |     1.280     |   18.428    |                                   |


### Fitting the null (K := 1) model
* Log(L) =  -542.18, AIC-c =  1163.20 (38 estimated parameters)
* The following rate distribution for test/reference branches was inferred

|          Selection mode           |     dN/dS     |Proportion, %|               Notes               |
|-----------------------------------|---------------|-------------|-----------------------------------|
|        Negative selection         |     0.296     |   68.531    |                                   |
|        Negative selection         |     0.551     |   31.469    |                                   |
|      Diversifying selection       |     1.000     |    0.000    |       Not supported by data       |

----
## Test for relaxation (or intensification) of selection [RELAX]
Likelihood ratio test **p =   0.1036**.
>No significant evidence for relaxation (or intensification) of selection among **test** branches _relative_ to the **reference** branches at P<=0.05
----
