
Loaded 'libv3/all-terms.bf' from /usr/local/lib/hyphy/TemplateBatchFiles/libv3/all-terms.bf
Loaded 'libv3/UtilityFunctions.bf' from /usr/local/lib/hyphy/TemplateBatchFiles/libv3/UtilityFunctions.bf
Loaded 'IOFunctions.bf' from /usr/local/lib/hyphy/TemplateBatchFiles/libv3/IOFunctions.bf
Already loaded 'libv3/UtilityFunctions.bf' from /usr/local/lib/hyphy/TemplateBatchFiles/libv3/UtilityFunctions.bf
Loaded 'convenience/regexp.bf' from /usr/local/lib/hyphy/TemplateBatchFiles/libv3/convenience/regexp.bf
Already loaded 'libv3/all-terms.bf' from /usr/local/lib/hyphy/TemplateBatchFiles/libv3/all-terms.bf
Already loaded 'libv3/IOFunctions.bf' from /usr/local/lib/hyphy/TemplateBatchFiles/libv3/IOFunctions.bf
Loaded 'libv3/models/codon/MG_REV.bf' from /usr/local/lib/hyphy/TemplateBatchFiles/libv3/models/codon/MG_REV.bf
Loaded '../codon.bf' from /usr/local/lib/hyphy/TemplateBatchFiles/libv3/models/codon.bf
Loaded '../tasks/genetic_code.bf' from /usr/local/lib/hyphy/TemplateBatchFiles/libv3/tasks/genetic_code.bf
Loaded 'libv3/convenience/matrix.bf' from /usr/local/lib/hyphy/TemplateBatchFiles/libv3/convenience/matrix.bf
Already loaded 'libv3/UtilityFunctions.bf' from /usr/local/lib/hyphy/TemplateBatchFiles/libv3/UtilityFunctions.bf
Already loaded 'libv3/all-terms.bf' from /usr/local/lib/hyphy/TemplateBatchFiles/libv3/all-terms.bf
Already loaded '../UtilityFunctions.bf' from /usr/local/lib/hyphy/TemplateBatchFiles/libv3/UtilityFunctions.bf
Loaded '../DNA.bf' from /usr/local/lib/hyphy/TemplateBatchFiles/libv3/models/DNA.bf
Loaded 'frequencies.bf' from /usr/local/lib/hyphy/TemplateBatchFiles/libv3/models/frequencies.bf
Already loaded '../all-terms.bf' from /usr/local/lib/hyphy/TemplateBatchFiles/libv3/all-terms.bf
Loaded 'parameters.bf' from /usr/local/lib/hyphy/TemplateBatchFiles/libv3/models/parameters.bf
Loaded 'GrabBag' from /usr/local/lib/hyphy/TemplateBatchFiles/Utility/GrabBag.bf
Already loaded 'libv3/all-terms.bf' from /usr/local/lib/hyphy/TemplateBatchFiles/libv3/all-terms.bf
Already loaded '../UtilityFunctions.bf' from /usr/local/lib/hyphy/TemplateBatchFiles/libv3/UtilityFunctions.bf
Loaded 'model_functions.bf' from /usr/local/lib/hyphy/TemplateBatchFiles/libv3/models/model_functions.bf
Already loaded 'DNA.bf' from /usr/local/lib/hyphy/TemplateBatchFiles/libv3/models/DNA.bf
Already loaded 'parameters.bf' from /usr/local/lib/hyphy/TemplateBatchFiles/libv3/models/parameters.bf
Already loaded 'frequencies.bf' from /usr/local/lib/hyphy/TemplateBatchFiles/libv3/models/frequencies.bf
Already loaded '../UtilityFunctions.bf' from /usr/local/lib/hyphy/TemplateBatchFiles/libv3/UtilityFunctions.bf
Already loaded '../convenience/regexp.bf' from /usr/local/lib/hyphy/TemplateBatchFiles/libv3/convenience/regexp.bf
Already loaded 'libv3/all-terms.bf' from /usr/local/lib/hyphy/TemplateBatchFiles/libv3/all-terms.bf
Already loaded '../parameters.bf' from /usr/local/lib/hyphy/TemplateBatchFiles/libv3/models/parameters.bf
Already loaded '../frequencies.bf' from /usr/local/lib/hyphy/TemplateBatchFiles/libv3/models/frequencies.bf
Already loaded '../../UtilityFunctions.bf' from /usr/local/lib/hyphy/TemplateBatchFiles/libv3/UtilityFunctions.bf
Loaded 'libv3/tasks/estimators.bf' from /usr/local/lib/hyphy/TemplateBatchFiles/libv3/tasks/estimators.bf
Already loaded '../models/model_functions.bf' from /usr/local/lib/hyphy/TemplateBatchFiles/libv3/models/model_functions.bf
Loaded '../models/DNA/GTR.bf' from /usr/local/lib/hyphy/TemplateBatchFiles/libv3/models/DNA/GTR.bf
Already loaded '../DNA.bf' from /usr/local/lib/hyphy/TemplateBatchFiles/libv3/models/DNA.bf
Already loaded '../parameters.bf' from /usr/local/lib/hyphy/TemplateBatchFiles/libv3/models/parameters.bf
Already loaded '../frequencies.bf' from /usr/local/lib/hyphy/TemplateBatchFiles/libv3/models/frequencies.bf
Already loaded '../../UtilityFunctions.bf' from /usr/local/lib/hyphy/TemplateBatchFiles/libv3/UtilityFunctions.bf
Already loaded 'libv3/all-terms.bf' from /usr/local/lib/hyphy/TemplateBatchFiles/libv3/all-terms.bf
Already loaded '../convenience/regexp.bf' from /usr/local/lib/hyphy/TemplateBatchFiles/libv3/convenience/regexp.bf
Already loaded 'libv3/all-terms.bf' from /usr/local/lib/hyphy/TemplateBatchFiles/libv3/all-terms.bf
Loaded 'libv3/tasks/alignments.bf' from /usr/local/lib/hyphy/TemplateBatchFiles/libv3/tasks/alignments.bf
Already loaded '../IOFunctions.bf' from /usr/local/lib/hyphy/TemplateBatchFiles/libv3/IOFunctions.bf
Already loaded '../all-terms.bf' from /usr/local/lib/hyphy/TemplateBatchFiles/libv3/all-terms.bf
Loaded 'libv3/tasks/trees.bf' from /usr/local/lib/hyphy/TemplateBatchFiles/libv3/tasks/trees.bf
Already loaded '../IOFunctions.bf' from /usr/local/lib/hyphy/TemplateBatchFiles/libv3/IOFunctions.bf
Already loaded '../all-terms.bf' from /usr/local/lib/hyphy/TemplateBatchFiles/libv3/all-terms.bf
Already loaded '../convenience/regexp.bf' from /usr/local/lib/hyphy/TemplateBatchFiles/libv3/convenience/regexp.bf
Already loaded '../UtilityFunctions.bf' from /usr/local/lib/hyphy/TemplateBatchFiles/libv3/UtilityFunctions.bf
Loaded 'TreeTools' from /usr/local/lib/hyphy/TemplateBatchFiles/TreeTools.ibf
Loaded 'modules/io_functions.ibf' from /usr/local/lib/hyphy/TemplateBatchFiles/SelectionAnalyses/modules/io_functions.ibf
Already loaded 'libv3/UtilityFunctions.bf' from /usr/local/lib/hyphy/TemplateBatchFiles/libv3/UtilityFunctions.bf
Already loaded 'libv3/IOFunctions.bf' from /usr/local/lib/hyphy/TemplateBatchFiles/libv3/IOFunctions.bf
Already loaded 'libv3/convenience/regexp.bf' from /usr/local/lib/hyphy/TemplateBatchFiles/libv3/convenience/regexp.bf
Already loaded 'libv3/all-terms.bf' from /usr/local/lib/hyphy/TemplateBatchFiles/libv3/all-terms.bf
Loaded 'modules/selection_lib.ibf' from /usr/local/lib/hyphy/TemplateBatchFiles/SelectionAnalyses/modules/selection_lib.ibf
Loaded 'libv3/models/codon/BS_REL.bf' from /usr/local/lib/hyphy/TemplateBatchFiles/libv3/models/codon/BS_REL.bf
Already loaded '../codon.bf' from /usr/local/lib/hyphy/TemplateBatchFiles/libv3/models/codon.bf
Already loaded '../DNA.bf' from /usr/local/lib/hyphy/TemplateBatchFiles/libv3/models/DNA.bf
Already loaded '../parameters.bf' from /usr/local/lib/hyphy/TemplateBatchFiles/libv3/models/parameters.bf
Already loaded '../frequencies.bf' from /usr/local/lib/hyphy/TemplateBatchFiles/libv3/models/frequencies.bf
Already loaded '../../UtilityFunctions.bf' from /usr/local/lib/hyphy/TemplateBatchFiles/libv3/UtilityFunctions.bf
Already loaded 'MG_REV.bf' from /usr/local/lib/hyphy/TemplateBatchFiles/libv3/models/codon/MG_REV.bf
Loaded '../../convenience/math.bf' from /usr/local/lib/hyphy/TemplateBatchFiles/libv3/convenience/math.bf
Already loaded 'libv3/UtilityFunctions.bf' from /usr/local/lib/hyphy/TemplateBatchFiles/libv3/UtilityFunctions.bf
Already loaded 'libv3/convenience/math.bf' from /usr/local/lib/hyphy/TemplateBatchFiles/libv3/convenience/math.bf
Variable 'NORMALIZE_SEQUENCE_NAMES' was not initialized prior to being used
Variable 'ASSUME_REVERSIBLE_MODELS' was not initialized prior to being used
Loaded 'modules/shared-load-file.bf' from /usr/local/lib/hyphy/TemplateBatchFiles/SelectionAnalyses/modules/shared-load-file.bf
Variable 'MARKDOWN_OUTPUT' was not initialized prior to being used
Already loaded 'libv3/convenience/matrix.bf' from /usr/local/lib/hyphy/TemplateBatchFiles/libv3/convenience/matrix.bf
Already loaded 'libv3/UtilityFunctions.bf' from /usr/local/lib/hyphy/TemplateBatchFiles/libv3/UtilityFunctions.bf
Variable 'XWTshtvh.skipCodeSelectionStep' was not initialized prior to being used
Row and/or column partition is empty. All the data will be used by default.
Variable 'NEXUS_FILE_TREE_MATRIX' was not initialized prior to being used
Variable 'utility.ToggleEnvVariable.cache' was not initialized prior to being used
Variable 'TREE_NODE_NAME_MAPPING' was not initialized prior to being used
Variable 'END_OF_FILE' was not initialized prior to being used
Variable '_DO_TREE_REBALANCE_' was not initialized prior to being used
Variable '_KEEP_I_LABELS_' was not initialized prior to being used
Variable 'INCLUDE_MODEL_SPECS' was not initialized prior to being used
Variable 'utility.ForEachPair.warn_non_rentrant' was not initialized prior to being used
Row and/or column partition is empty. All the data will be used by default.
Row and/or column partition is empty. All the data will be used by default.
Variable 'qkKvCwlY.cache' was not initialized prior to being used
Row and/or column partition is empty. All the data will be used by default.
Variable 'COUNT_GAPS_IN_FREQUENCIES' was not initialized prior to being used
Variable 'EunJCvwu.model_pi' was not initialized prior to being used
Model EunJCvwu.model assigned to B_New_York_1012_1995_CY174019_03_02_1995
Model EunJCvwu.model assigned to B_Victoria_504_2000_AY504604_2000
Model EunJCvwu.model assigned to B_Sydney_85_2002_CY151299_07_08_2002
Model EunJCvwu.model assigned to B_Sydney_12_2005_CY151915_07_17_2005
Model EunJCvwu.model assigned to B_New_York_1217_2009_CY175427_03_08_2009
Model EunJCvwu.model assigned to Node6
Model EunJCvwu.model assigned to Node4
Model EunJCvwu.model assigned to Node2
Model EunJCvwu.model assigned to B_Malaysia_13624_2000_CY118293_02_14_2000
Model EunJCvwu.model assigned to B_Houston_B56_1997_CY018025_01_27_1997
Model EunJCvwu.model assigned to Node10
Model EunJCvwu.model assigned to B_Wellington_10_2007_CY156108_08_27_2007
Model EunJCvwu.model assigned to B_Taiwan_2171_2004_CY030841_08_10_2004
Model EunJCvwu.model assigned to B_Hokkaido_13H080_2014_LC033035_03_17_2014
Model EunJCvwu.model assigned to B_New_York_WC_LVD_15_003_2015_CY207965_02_25_2015
Model EunJCvwu.model assigned to Node17
Model EunJCvwu.model assigned to Node15
Model EunJCvwu.model assigned to Node13
Model EunJCvwu.model assigned to Node9
The tips of the tree:EunJCvwu.tree_0 were matched with the species names from the data in the following numeric order (0-based) {0,3,4,6,8,2,1,7,5,9,10}

Pseudo-optimal path's cost 270 vs 458 for 1..k=> a 1.6963 x improvement
Partition 0 is ASSUMED to have a reversible model
Variable 'USE_LAST_RESULTS' was not initialized prior to being used
Variable 'EunJCvwu.tree_0.B_New_York_1012_1995_CY174019_03_02_1995.t' was not initialized prior to being usedmodels.generic.SetBranchLength: EunJCvwu.tree_0.B_New_York_1012_1995_CY174019_03_02_1995.t=1.843660820540574e-06

Variable 'EunJCvwu.tree_0.B_Victoria_504_2000_AY504604_2000.t' was not initialized prior to being usedmodels.generic.SetBranchLength: EunJCvwu.tree_0.B_Victoria_504_2000_AY504604_2000.t=0.04819332897116755

Variable 'EunJCvwu.tree_0.B_Sydney_85_2002_CY151299_07_08_2002.t' was not initialized prior to being usedmodels.generic.SetBranchLength: EunJCvwu.tree_0.B_Sydney_85_2002_CY151299_07_08_2002.t=0.009505388699666663

Variable 'EunJCvwu.tree_0.B_Sydney_12_2005_CY151915_07_17_2005.t' was not initialized prior to being usedmodels.generic.SetBranchLength: EunJCvwu.tree_0.B_Sydney_12_2005_CY151915_07_17_2005.t=1.843660820540574e-06

Variable 'EunJCvwu.tree_0.B_New_York_1217_2009_CY175427_03_08_2009.t' was not initialized prior to being usedmodels.generic.SetBranchLength: EunJCvwu.tree_0.B_New_York_1217_2009_CY175427_03_08_2009.t=1.843660820540574e-06

Variable 'EunJCvwu.tree_0.Node6.t' was not initialized prior to being usedmodels.generic.SetBranchLength: EunJCvwu.tree_0.Node6.t=0.009505387397239015

Variable 'EunJCvwu.tree_0.Node4.t' was not initialized prior to being usedmodels.generic.SetBranchLength: EunJCvwu.tree_0.Node4.t=0.02900442682340497

Variable 'EunJCvwu.tree_0.Node2.t' was not initialized prior to being usedmodels.generic.SetBranchLength: EunJCvwu.tree_0.Node2.t=0.009569007882604667

Variable 'EunJCvwu.tree_0.B_Malaysia_13624_2000_CY118293_02_14_2000.t' was not initialized prior to being usedmodels.generic.SetBranchLength: EunJCvwu.tree_0.B_Malaysia_13624_2000_CY118293_02_14_2000.t=0.02903639759625622

Variable 'EunJCvwu.tree_0.B_Houston_B56_1997_CY018025_01_27_1997.t' was not initialized prior to being usedmodels.generic.SetBranchLength: EunJCvwu.tree_0.B_Houston_B56_1997_CY018025_01_27_1997.t=0.01973063412913567

Variable 'EunJCvwu.tree_0.Node10.t' was not initialized prior to being usedmodels.generic.SetBranchLength: EunJCvwu.tree_0.Node10.t=0.009235226470739405

Variable 'EunJCvwu.tree_0.B_Wellington_10_2007_CY156108_08_27_2007.t' was not initialized prior to being usedmodels.generic.SetBranchLength: EunJCvwu.tree_0.B_Wellington_10_2007_CY156108_08_27_2007.t=0.01906887174374612

Variable 'EunJCvwu.tree_0.B_Taiwan_2171_2004_CY030841_08_10_2004.t' was not initialized prior to being usedmodels.generic.SetBranchLength: EunJCvwu.tree_0.B_Taiwan_2171_2004_CY030841_08_10_2004.t=1.843660820540574e-06

Variable 'EunJCvwu.tree_0.B_Hokkaido_13H080_2014_LC033035_03_17_2014.t' was not initialized prior to being usedmodels.generic.SetBranchLength: EunJCvwu.tree_0.B_Hokkaido_13H080_2014_LC033035_03_17_2014.t=0.009232991092895061

Variable 'EunJCvwu.tree_0.B_New_York_WC_LVD_15_003_2015_CY207965_02_25_2015.t' was not initialized prior to being usedmodels.generic.SetBranchLength: EunJCvwu.tree_0.B_New_York_WC_LVD_15_003_2015_CY207965_02_25_2015.t=1.843660820540574e-06

Variable 'EunJCvwu.tree_0.Node17.t' was not initialized prior to being usedmodels.generic.SetBranchLength: EunJCvwu.tree_0.Node17.t=0.03781279488157639

Variable 'EunJCvwu.tree_0.Node15.t' was not initialized prior to being usedmodels.generic.SetBranchLength: EunJCvwu.tree_0.Node15.t=0.00925080500227689

Variable 'EunJCvwu.tree_0.Node13.t' was not initialized prior to being usedmodels.generic.SetBranchLength: EunJCvwu.tree_0.Node13.t=0.0295785999227182

Variable 'EunJCvwu.tree_0.Node9.t' was not initialized prior to being usedmodels.generic.SetBranchLength: EunJCvwu.tree_0.Node9.t=1.843660820540574e-06

Variable 'EunJCvwu.EunJCvwu.likelihoodFunction' was not initialized prior to being used
Variable 'SAVE_OPT_STATUS_TO' was not initialized prior to being used
Set GUI update interval to every 908-th LF evaluation.
Optimization settings:
	OPTIMIZATION_METHOD = 4
	OPTIMIZATION_PRECISION = 0.001
	MAXIMUM_ITERATIONS_PER_VARIABLE = 5000

Initial parameter values

EunJCvwu.model.theta_CT = 1
EunJCvwu.model.theta_GT = 0.25
EunJCvwu.model.theta_CG = 0.25
EunJCvwu.model.theta_AC = 0.25
EunJCvwu.model.theta_AT = 0.25
EunJCvwu.tree_0.B_New_York_1012_1995_CY174019_03_02_1995.t = 1.84366e-06
EunJCvwu.tree_0.B_Victoria_504_2000_AY504604_2000.t = 0.0481933
EunJCvwu.tree_0.B_Sydney_85_2002_CY151299_07_08_2002.t = 0.00950539
EunJCvwu.tree_0.B_Sydney_12_2005_CY151915_07_17_2005.t = 1.84366e-06
EunJCvwu.tree_0.B_New_York_1217_2009_CY175427_03_08_2009.t = 1.84366e-06
EunJCvwu.tree_0.Node6.t = 0.00950539
EunJCvwu.tree_0.Node4.t = 0.0290044
EunJCvwu.tree_0.Node2.t = 0.00956901
EunJCvwu.tree_0.B_Malaysia_13624_2000_CY118293_02_14_2000.t = 0.0290364
EunJCvwu.tree_0.B_Houston_B56_1997_CY018025_01_27_1997.t = 0.0197306
EunJCvwu.tree_0.Node10.t = 0.00923523
EunJCvwu.tree_0.B_Wellington_10_2007_CY156108_08_27_2007.t = 0.0190689
EunJCvwu.tree_0.B_Taiwan_2171_2004_CY030841_08_10_2004.t = 1.84366e-06
EunJCvwu.tree_0.B_Hokkaido_13H080_2014_LC033035_03_17_2014.t = 0.00923299
EunJCvwu.tree_0.B_New_York_WC_LVD_15_003_2015_CY207965_02_25_2015.t = 1.84366e-06
EunJCvwu.tree_0.Node17.t = 0.0378128
EunJCvwu.tree_0.Node15.t = 0.00925081
EunJCvwu.tree_0.Node13.t = 0.0295786
EunJCvwu.tree_0.Node9.t = 1.84366e-06
Optimization finished in 17 loop passes.
1472 likelihood evaluation calls and 8698 matrix exponentiations calls were made

Variable 'BRANCH_LENGTH_STENCIL' was not initialized prior to being used
Variable 'EunJCvwu.option' was not initialized prior to being used
Variable 'relax.terms.json.nucleotide_gtr' was not initialized prior to being used
Variable 'Unknown' was not initialized prior to being used
Variable 'kKgGMvzO.data_filter' was not initialized prior to being used
Row and/or column partition is empty. All the data will be used by default.
Set GUI update interval to every 3012-th LF evaluation.
Optimization settings:
	OPTIMIZATION_METHOD = 4
	OPTIMIZATION_PRECISION = 0.001
	MAXIMUM_ITERATIONS_PER_VARIABLE = 5000

Initial parameter values

frequencies._aux.CF3x4.p0_0 = 0.232839
frequencies._aux.CF3x4.p0_1 = 0.319226
frequencies._aux.CF3x4.p0_2 = 0.413854
frequencies._aux.CF3x4.p1_0 = 0.184601
frequencies._aux.CF3x4.p1_1 = 0.47099
frequencies._aux.CF3x4.p1_2 = 0.219355
frequencies._aux.CF3x4.p2_0 = 0.460111
frequencies._aux.CF3x4.p2_1 = 0.214777
frequencies._aux.CF3x4.p2_2 = 0.466083
Optimization finished in 5 loop passes.
209 likelihood evaluation calls and 0 matrix exponentiations calls were made

Variable 'kKgGMvzO.model_MGREV_pi' was not initialized prior to being used
Model kKgGMvzO.model_MGREV assigned to B_New_York_1012_1995_CY174019_03_02_1995
Model kKgGMvzO.model_MGREV assigned to B_Victoria_504_2000_AY504604_2000
Model kKgGMvzO.model_MGREV assigned to B_Sydney_85_2002_CY151299_07_08_2002
Model kKgGMvzO.model_MGREV assigned to B_Sydney_12_2005_CY151915_07_17_2005
Model kKgGMvzO.model_MGREV assigned to B_New_York_1217_2009_CY175427_03_08_2009
Model kKgGMvzO.model_MGREV assigned to Node6
Model kKgGMvzO.model_MGREV assigned to Node4
Model kKgGMvzO.model_MGREV assigned to Node2
Model kKgGMvzO.model_MGREV assigned to B_Malaysia_13624_2000_CY118293_02_14_2000
Model kKgGMvzO.model_MGREV assigned to B_Houston_B56_1997_CY018025_01_27_1997
Model kKgGMvzO.model_MGREV assigned to Node10
Model kKgGMvzO.model_MGREV assigned to B_Wellington_10_2007_CY156108_08_27_2007
Model kKgGMvzO.model_MGREV assigned to B_Taiwan_2171_2004_CY030841_08_10_2004
Model kKgGMvzO.model_MGREV assigned to B_Hokkaido_13H080_2014_LC033035_03_17_2014
Model kKgGMvzO.model_MGREV assigned to B_New_York_WC_LVD_15_003_2015_CY207965_02_25_2015
Model kKgGMvzO.model_MGREV assigned to Node17
Model kKgGMvzO.model_MGREV assigned to Node15
Model kKgGMvzO.model_MGREV assigned to Node13
Model kKgGMvzO.model_MGREV assigned to Node9
The tips of the tree:kKgGMvzO.tree_0 were matched with the species names from the data in the following numeric order (0-based) {0,3,4,6,8,2,1,7,5,9,10}

Pseudo-optimal path's cost 918 vs 1096 for 1..k=> a 1.1939 x improvement
Partition 0 is ASSUMED to have a reversible modelkKgGMvzO.model_MGREV.theta_AG was already constrained in estimators.SetGlobals2

Variable 'kKgGMvzO.tree_0.B_New_York_1012_1995_CY174019_03_02_1995.alpha' was not initialized prior to being used
Variable 'kKgGMvzO.tree_0.B_Victoria_504_2000_AY504604_2000.alpha' was not initialized prior to being used
Variable 'kKgGMvzO.tree_0.B_Sydney_85_2002_CY151299_07_08_2002.alpha' was not initialized prior to being used
Variable 'kKgGMvzO.tree_0.B_Sydney_12_2005_CY151915_07_17_2005.alpha' was not initialized prior to being used
Variable 'kKgGMvzO.tree_0.B_New_York_1217_2009_CY175427_03_08_2009.alpha' was not initialized prior to being used
Variable 'kKgGMvzO.tree_0.Node6.alpha' was not initialized prior to being used
Variable 'kKgGMvzO.tree_0.Node4.alpha' was not initialized prior to being used
Variable 'kKgGMvzO.tree_0.Node2.alpha' was not initialized prior to being used
Variable 'kKgGMvzO.tree_0.B_Malaysia_13624_2000_CY118293_02_14_2000.alpha' was not initialized prior to being used
Variable 'kKgGMvzO.tree_0.B_Houston_B56_1997_CY018025_01_27_1997.alpha' was not initialized prior to being used
Variable 'kKgGMvzO.tree_0.Node10.alpha' was not initialized prior to being used
Variable 'kKgGMvzO.tree_0.B_Wellington_10_2007_CY156108_08_27_2007.alpha' was not initialized prior to being used
Variable 'kKgGMvzO.tree_0.B_Taiwan_2171_2004_CY030841_08_10_2004.alpha' was not initialized prior to being used
Variable 'kKgGMvzO.tree_0.B_Hokkaido_13H080_2014_LC033035_03_17_2014.alpha' was not initialized prior to being used
Variable 'kKgGMvzO.tree_0.B_New_York_WC_LVD_15_003_2015_CY207965_02_25_2015.alpha' was not initialized prior to being used
Variable 'kKgGMvzO.tree_0.Node17.alpha' was not initialized prior to being used
Variable 'kKgGMvzO.tree_0.Node15.alpha' was not initialized prior to being used
Variable 'kKgGMvzO.tree_0.Node13.alpha' was not initialized prior to being used
Variable 'kKgGMvzO.tree_0.Node9.alpha' was not initialized prior to being used
Variable 'kKgGMvzO.kKgGMvzO.likelihoodFunction' was not initialized prior to being used
Set GUI update interval to every 68-th LF evaluation.
Optimization settings:
	OPTIMIZATION_METHOD = 4
	OPTIMIZATION_PRECISION = 0.001
	MAXIMUM_ITERATIONS_PER_VARIABLE = 5000

Initial parameter values

kKgGMvzO.model_MGREV.omega_0 = 1
relax.scaler_0 = 3
kKgGMvzO.model_MGREV.omega_1 = 1
Optimization finished in 9 loop passes.
200 likelihood evaluation calls and 2809 matrix exponentiations calls were made

Row and/or column partition is empty. All the data will be used by default.
Set GUI update interval to every 2392-th LF evaluation.
Optimization settings:
	OPTIMIZATION_METHOD = 4
	OPTIMIZATION_PRECISION = 0.001
	MAXIMUM_ITERATIONS_PER_VARIABLE = 5000

Initial parameter values

frequencies._aux.CF3x4.p0_0 = 0.232839
frequencies._aux.CF3x4.p0_1 = 0.319226
frequencies._aux.CF3x4.p0_2 = 0.413854
frequencies._aux.CF3x4.p1_0 = 0.184601
frequencies._aux.CF3x4.p1_1 = 0.47099
frequencies._aux.CF3x4.p1_2 = 0.219355
frequencies._aux.CF3x4.p2_0 = 0.460111
frequencies._aux.CF3x4.p2_1 = 0.214777
frequencies._aux.CF3x4.p2_2 = 0.466083
Optimization finished in 5 loop passes.
209 likelihood evaluation calls and 0 matrix exponentiations calls were made

Variable 'kKgGMvzO.model_MGREV_pi' was not initialized prior to being used
Model kKgGMvzO.model_MGREV assigned to B_New_York_1012_1995_CY174019_03_02_1995
Model kKgGMvzO.model_MGREV assigned to B_Victoria_504_2000_AY504604_2000
Model kKgGMvzO.model_MGREV assigned to B_Sydney_85_2002_CY151299_07_08_2002
Model kKgGMvzO.model_MGREV assigned to B_Sydney_12_2005_CY151915_07_17_2005
Model kKgGMvzO.model_MGREV assigned to B_New_York_1217_2009_CY175427_03_08_2009
Model kKgGMvzO.model_MGREV assigned to Node6
Model kKgGMvzO.model_MGREV assigned to Node4
Model kKgGMvzO.model_MGREV assigned to Node2
Model kKgGMvzO.model_MGREV assigned to B_Malaysia_13624_2000_CY118293_02_14_2000
Model kKgGMvzO.model_MGREV assigned to B_Houston_B56_1997_CY018025_01_27_1997
Model kKgGMvzO.model_MGREV assigned to Node10
Model kKgGMvzO.model_MGREV assigned to B_Wellington_10_2007_CY156108_08_27_2007
Model kKgGMvzO.model_MGREV assigned to B_Taiwan_2171_2004_CY030841_08_10_2004
Model kKgGMvzO.model_MGREV assigned to B_Hokkaido_13H080_2014_LC033035_03_17_2014
Model kKgGMvzO.model_MGREV assigned to B_New_York_WC_LVD_15_003_2015_CY207965_02_25_2015
Model kKgGMvzO.model_MGREV assigned to Node17
Model kKgGMvzO.model_MGREV assigned to Node15
Model kKgGMvzO.model_MGREV assigned to Node13
Model kKgGMvzO.model_MGREV assigned to Node9
The tips of the tree:kKgGMvzO.tree_0 were matched with the species names from the data in the following numeric order (0-based) {0,3,4,6,8,2,1,7,5,9,10}

Pseudo-optimal path's cost 918 vs 1096 for 1..k=> a 1.1939 x improvement
Partition 0 is ASSUMED to have a reversible modelkKgGMvzO.model_MGREV.theta_AG was already constrained in estimators.SetGlobals2

Variable 'kKgGMvzO.tree_0.B_New_York_1012_1995_CY174019_03_02_1995.alpha' was not initialized prior to being usedmodels.codon.MG_REV.set_branch_length: kKgGMvzO.tree_0.B_New_York_1012_1995_CY174019_03_02_1995.alpha=0

Variable 'kKgGMvzO.tree_0.B_Victoria_504_2000_AY504604_2000.alpha' was not initialized prior to being usedmodels.codon.MG_REV.set_branch_length: kKgGMvzO.tree_0.B_Victoria_504_2000_AY504604_2000.alpha=0.2002737980190414

Variable 'kKgGMvzO.tree_0.B_Sydney_85_2002_CY151299_07_08_2002.alpha' was not initialized prior to being usedmodels.codon.MG_REV.set_branch_length: kKgGMvzO.tree_0.B_Sydney_85_2002_CY151299_07_08_2002.alpha=0.0397894802186655

Variable 'kKgGMvzO.tree_0.B_Sydney_12_2005_CY151915_07_17_2005.alpha' was not initialized prior to being usedmodels.codon.MG_REV.set_branch_length: kKgGMvzO.tree_0.B_Sydney_12_2005_CY151915_07_17_2005.alpha=0

Variable 'kKgGMvzO.tree_0.B_New_York_1217_2009_CY175427_03_08_2009.alpha' was not initialized prior to being usedmodels.codon.MG_REV.set_branch_length: kKgGMvzO.tree_0.B_New_York_1217_2009_CY175427_03_08_2009.alpha=0

Variable 'kKgGMvzO.tree_0.Node6.alpha' was not initialized prior to being usedmodels.codon.MG_REV.set_branch_length: kKgGMvzO.tree_0.Node6.alpha=0.03982495621083179

Variable 'kKgGMvzO.tree_0.Node4.alpha' was not initialized prior to being usedmodels.codon.MG_REV.set_branch_length: kKgGMvzO.tree_0.Node4.alpha=0.1200888530286817

Variable 'kKgGMvzO.tree_0.Node2.alpha' was not initialized prior to being usedmodels.codon.MG_REV.set_branch_length: kKgGMvzO.tree_0.Node2.alpha=0.04020105110005605

Variable 'kKgGMvzO.tree_0.B_Malaysia_13624_2000_CY118293_02_14_2000.alpha' was not initialized prior to being usedmodels.codon.MG_REV.set_branch_length: kKgGMvzO.tree_0.B_Malaysia_13624_2000_CY118293_02_14_2000.alpha=0.120563940240579

Variable 'kKgGMvzO.tree_0.B_Houston_B56_1997_CY018025_01_27_1997.alpha' was not initialized prior to being usedmodels.codon.MG_REV.set_branch_length: kKgGMvzO.tree_0.B_Houston_B56_1997_CY018025_01_27_1997.alpha=0.08102942473211669

Variable 'kKgGMvzO.tree_0.Node10.alpha' was not initialized prior to being usedmodels.codon.MG_REV.set_branch_length: kKgGMvzO.tree_0.Node10.alpha=0.03916863743722258

Variable 'kKgGMvzO.tree_0.B_Wellington_10_2007_CY156108_08_27_2007.alpha' was not initialized prior to being usedmodels.codon.MG_REV.set_branch_length: kKgGMvzO.tree_0.B_Wellington_10_2007_CY156108_08_27_2007.alpha=0.1111908717318462

Variable 'kKgGMvzO.tree_0.B_Taiwan_2171_2004_CY030841_08_10_2004.alpha' was not initialized prior to being usedmodels.codon.MG_REV.set_branch_length: kKgGMvzO.tree_0.B_Taiwan_2171_2004_CY030841_08_10_2004.alpha=0

Variable 'kKgGMvzO.tree_0.B_Hokkaido_13H080_2014_LC033035_03_17_2014.alpha' was not initialized prior to being usedmodels.codon.MG_REV.set_branch_length: kKgGMvzO.tree_0.B_Hokkaido_13H080_2014_LC033035_03_17_2014.alpha=0.05463871961064569

Variable 'kKgGMvzO.tree_0.B_New_York_WC_LVD_15_003_2015_CY207965_02_25_2015.alpha' was not initialized prior to being usedmodels.codon.MG_REV.set_branch_length: kKgGMvzO.tree_0.B_New_York_WC_LVD_15_003_2015_CY207965_02_25_2015.alpha=0

Variable 'kKgGMvzO.tree_0.Node17.alpha' was not initialized prior to being usedmodels.codon.MG_REV.set_branch_length: kKgGMvzO.tree_0.Node17.alpha=0.2211332413510516

Variable 'kKgGMvzO.tree_0.Node15.alpha' was not initialized prior to being usedmodels.codon.MG_REV.set_branch_length: kKgGMvzO.tree_0.Node15.alpha=0.05434359272185402

Variable 'kKgGMvzO.tree_0.Node13.alpha' was not initialized prior to being usedmodels.codon.MG_REV.set_branch_length: kKgGMvzO.tree_0.Node13.alpha=0.1685941923919648

Variable 'kKgGMvzO.tree_0.Node9.alpha' was not initialized prior to being usedmodels.codon.MG_REV.set_branch_length: kKgGMvzO.tree_0.Node9.alpha=0

Set GUI update interval to every 66-th LF evaluation.
Optimization settings:
	OPTIMIZATION_METHOD = 4
	OPTIMIZATION_PRECISION = 0.001
	MAXIMUM_ITERATIONS_PER_VARIABLE = 5000

Initial parameter values

kKgGMvzO.model_MGREV.theta_CG = 0
kKgGMvzO.model_MGREV.theta_AT = 0
kKgGMvzO.model_MGREV.theta_CT = 0.535691
kKgGMvzO.model_MGREV.theta_GT = 0.142154
kKgGMvzO.model_MGREV.theta_AC = 0.0478472
kKgGMvzO.model_MGREV.omega_0 = 0.300985
kKgGMvzO.model_MGREV.omega_1 = 0.654242
kKgGMvzO.tree_0.B_New_York_1012_1995_CY174019_03_02_1995.alpha = 0
kKgGMvzO.tree_0.B_Victoria_504_2000_AY504604_2000.alpha = 0.200274
kKgGMvzO.tree_0.B_Sydney_85_2002_CY151299_07_08_2002.alpha = 0.0397895
kKgGMvzO.tree_0.B_Sydney_12_2005_CY151915_07_17_2005.alpha = 0
kKgGMvzO.tree_0.B_New_York_1217_2009_CY175427_03_08_2009.alpha = 0
kKgGMvzO.tree_0.Node6.alpha = 0.039825
kKgGMvzO.tree_0.Node4.alpha = 0.120089
kKgGMvzO.tree_0.Node2.alpha = 0.0402011
kKgGMvzO.tree_0.B_Malaysia_13624_2000_CY118293_02_14_2000.alpha = 0.120564
kKgGMvzO.tree_0.B_Houston_B56_1997_CY018025_01_27_1997.alpha = 0.0810294
kKgGMvzO.tree_0.Node10.alpha = 0.0391686
kKgGMvzO.tree_0.B_Wellington_10_2007_CY156108_08_27_2007.alpha = 0.111191
kKgGMvzO.tree_0.B_Taiwan_2171_2004_CY030841_08_10_2004.alpha = 0
kKgGMvzO.tree_0.B_Hokkaido_13H080_2014_LC033035_03_17_2014.alpha = 0.0546387
kKgGMvzO.tree_0.B_New_York_WC_LVD_15_003_2015_CY207965_02_25_2015.alpha = 0
kKgGMvzO.tree_0.Node17.alpha = 0.221133
kKgGMvzO.tree_0.Node15.alpha = 0.0543436
kKgGMvzO.tree_0.Node13.alpha = 0.168594
kKgGMvzO.tree_0.Node9.alpha = 0
Optimization finished in 21 loop passes.
1772 likelihood evaluation calls and 12535 matrix exponentiations calls were made

Variable 'relax.sample_size' was not initialized prior to being used
Overwritten previously defined function:'vuVSaDV_.rate_generator'
Overwritten previously defined function:'vuVSaDV_.rate_generator'
Set GUI update interval to every 2925-th LF evaluation.
Optimization settings:
	OPTIMIZATION_METHOD = 4
	OPTIMIZATION_PRECISION = 0.001
	MAXIMUM_ITERATIONS_PER_VARIABLE = 5000

Initial parameter values

frequencies._aux.CF3x4.p0_0 = 0.232839
frequencies._aux.CF3x4.p0_1 = 0.319226
frequencies._aux.CF3x4.p0_2 = 0.413854
frequencies._aux.CF3x4.p1_0 = 0.184601
frequencies._aux.CF3x4.p1_1 = 0.47099
frequencies._aux.CF3x4.p1_2 = 0.219355
frequencies._aux.CF3x4.p2_0 = 0.460111
frequencies._aux.CF3x4.p2_1 = 0.214777
frequencies._aux.CF3x4.p2_2 = 0.466083
Optimization finished in 5 loop passes.
209 likelihood evaluation calls and 0 matrix exponentiations calls were made

Variable 'relax.test_pi' was not initialized prior to being used
Overwritten previously defined function:'vuVSaDV_.rate_generator'
Overwritten previously defined function:'vuVSaDV_.rate_generator'
Overwritten previously defined function:'vuVSaDV_.rate_generator'
Set GUI update interval to every 3034-th LF evaluation.
Optimization settings:
	OPTIMIZATION_METHOD = 4
	OPTIMIZATION_PRECISION = 0.001
	MAXIMUM_ITERATIONS_PER_VARIABLE = 5000

Initial parameter values

frequencies._aux.CF3x4.p0_0 = 0.232839
frequencies._aux.CF3x4.p0_1 = 0.319226
frequencies._aux.CF3x4.p0_2 = 0.413854
frequencies._aux.CF3x4.p1_0 = 0.184601
frequencies._aux.CF3x4.p1_1 = 0.47099
frequencies._aux.CF3x4.p1_2 = 0.219355
frequencies._aux.CF3x4.p2_0 = 0.460111
frequencies._aux.CF3x4.p2_1 = 0.214777
frequencies._aux.CF3x4.p2_2 = 0.466083
Optimization finished in 5 loop passes.
209 likelihood evaluation calls and 0 matrix exponentiations calls were made

Variable 'relax.reference_pi' was not initialized prior to being used
No nodel was assigned to B_New_York_1012_1995_CY174019_03_02_1995
No nodel was assigned to B_Victoria_504_2000_AY504604_2000
No nodel was assigned to B_Sydney_85_2002_CY151299_07_08_2002
No nodel was assigned to B_Sydney_12_2005_CY151915_07_17_2005
No nodel was assigned to B_New_York_1217_2009_CY175427_03_08_2009
No nodel was assigned to Node6
No nodel was assigned to Node4
No nodel was assigned to Node2
No nodel was assigned to B_Malaysia_13624_2000_CY118293_02_14_2000
No nodel was assigned to B_Houston_B56_1997_CY018025_01_27_1997
No nodel was assigned to Node10
No nodel was assigned to B_Wellington_10_2007_CY156108_08_27_2007
No nodel was assigned to B_Taiwan_2171_2004_CY030841_08_10_2004
No nodel was assigned to B_Hokkaido_13H080_2014_LC033035_03_17_2014
No nodel was assigned to B_New_York_WC_LVD_15_003_2015_CY207965_02_25_2015
No nodel was assigned to Node17
No nodel was assigned to Node15
No nodel was assigned to Node13
No nodel was assigned to Node9
The tips of the tree:CDJZguqi.tree_id_0 were matched with the species names from the data in the following numeric order (0-based) {0,3,4,6,8,2,1,7,5,9,10}

Pseudo-optimal path's cost 918 vs 1096 for 1..k=> a 1.1939 x improvement
Partition 0 is ASSUMED to have a reversible modelrelax.reference.theta_AC was already constrained in estimators.SetGlobals2
relax.reference.theta_AG was already constrained in estimators.SetGlobals2
relax.reference.theta_AT was already constrained in estimators.SetGlobals2
relax.reference.theta_CG was already constrained in estimators.SetGlobals2
relax.reference.theta_CT was already constrained in estimators.SetGlobals2
relax.reference.theta_GT was already constrained in estimators.SetGlobals2
relax.test.theta_AG was already constrained in estimators.SetGlobals2

Variable 'CDJZguqi.tree_id_0.B_New_York_1012_1995_CY174019_03_02_1995.t' was not initialized prior to being usedmodels.generic.SetBranchLength: CDJZguqi.tree_id_0.B_New_York_1012_1995_CY174019_03_02_1995.t=0

Variable 'CDJZguqi.tree_id_0.B_Victoria_504_2000_AY504604_2000.t' was not initialized prior to being usedmodels.generic.SetBranchLength: CDJZguqi.tree_id_0.B_Victoria_504_2000_AY504604_2000.t=0.2110432835763492

Variable 'CDJZguqi.tree_id_0.B_Sydney_85_2002_CY151299_07_08_2002.t' was not initialized prior to being usedmodels.generic.SetBranchLength: CDJZguqi.tree_id_0.B_Sydney_85_2002_CY151299_07_08_2002.t=0.04194605309004639

Variable 'CDJZguqi.tree_id_0.B_Sydney_12_2005_CY151915_07_17_2005.t' was not initialized prior to being usedmodels.generic.SetBranchLength: CDJZguqi.tree_id_0.B_Sydney_12_2005_CY151915_07_17_2005.t=0

Variable 'CDJZguqi.tree_id_0.B_New_York_1217_2009_CY175427_03_08_2009.t' was not initialized prior to being usedmodels.generic.SetBranchLength: CDJZguqi.tree_id_0.B_New_York_1217_2009_CY175427_03_08_2009.t=0

Variable 'CDJZguqi.tree_id_0.Node6.t' was not initialized prior to being usedmodels.generic.SetBranchLength: CDJZguqi.tree_id_0.Node6.t=0.04194971083488016

Variable 'CDJZguqi.tree_id_0.Node4.t' was not initialized prior to being usedmodels.generic.SetBranchLength: CDJZguqi.tree_id_0.Node4.t=0.126439103710595

Variable 'CDJZguqi.tree_id_0.Node2.t' was not initialized prior to being usedmodels.generic.SetBranchLength: CDJZguqi.tree_id_0.Node2.t=0.04183052643642688

Variable 'CDJZguqi.tree_id_0.B_Malaysia_13624_2000_CY118293_02_14_2000.t' was not initialized prior to being usedmodels.generic.SetBranchLength: CDJZguqi.tree_id_0.B_Malaysia_13624_2000_CY118293_02_14_2000.t=0.1245700407404071

Variable 'CDJZguqi.tree_id_0.B_Houston_B56_1997_CY018025_01_27_1997.t' was not initialized prior to being usedmodels.generic.SetBranchLength: CDJZguqi.tree_id_0.B_Houston_B56_1997_CY018025_01_27_1997.t=0.08428320063835991

Variable 'CDJZguqi.tree_id_0.Node10.t' was not initialized prior to being usedmodels.generic.SetBranchLength: CDJZguqi.tree_id_0.Node10.t=0.04235940740366922

Variable 'CDJZguqi.tree_id_0.B_Wellington_10_2007_CY156108_08_27_2007.t' was not initialized prior to being usedmodels.generic.SetBranchLength: CDJZguqi.tree_id_0.B_Wellington_10_2007_CY156108_08_27_2007.t=0.08416041390840839

Variable 'CDJZguqi.tree_id_0.B_Taiwan_2171_2004_CY030841_08_10_2004.t' was not initialized prior to being usedmodels.generic.SetBranchLength: CDJZguqi.tree_id_0.B_Taiwan_2171_2004_CY030841_08_10_2004.t=0

Variable 'CDJZguqi.tree_id_0.B_Hokkaido_13H080_2014_LC033035_03_17_2014.t' was not initialized prior to being usedmodels.generic.SetBranchLength: CDJZguqi.tree_id_0.B_Hokkaido_13H080_2014_LC033035_03_17_2014.t=0.04111899105244634

Variable 'CDJZguqi.tree_id_0.B_New_York_WC_LVD_15_003_2015_CY207965_02_25_2015.t' was not initialized prior to being usedmodels.generic.SetBranchLength: CDJZguqi.tree_id_0.B_New_York_WC_LVD_15_003_2015_CY207965_02_25_2015.t=0

Variable 'CDJZguqi.tree_id_0.Node17.t' was not initialized prior to being usedmodels.generic.SetBranchLength: CDJZguqi.tree_id_0.Node17.t=0.1661714156335433

Variable 'CDJZguqi.tree_id_0.Node15.t' was not initialized prior to being usedmodels.generic.SetBranchLength: CDJZguqi.tree_id_0.Node15.t=0.04025567668573491

Variable 'CDJZguqi.tree_id_0.Node13.t' was not initialized prior to being usedmodels.generic.SetBranchLength: CDJZguqi.tree_id_0.Node13.t=0.1267466926452579

Variable 'CDJZguqi.tree_id_0.Node9.t' was not initialized prior to being usedmodels.generic.SetBranchLength: CDJZguqi.tree_id_0.Node9.t=0

Variable 'CDJZguqi.CDJZguqi.likelihoodFunction' was not initialized prior to being used
Set GUI update interval to every 18-th LF evaluation.
Optimization settings:
	OPTIMIZATION_METHOD = 4
	OPTIMIZATION_PRECISION = 0.001
	MAXIMUM_ITERATIONS_PER_VARIABLE = 5000

Initial parameter values

relax.reference.omega1 = 0.0460829
relax.reference.bsrel_mixture_aux_0 = 0.7
relax.reference.bsrel_mixture_aux_1 = 0.666667
relax.reference.omega3 = 9.21659
relax.reference.omega2 = 0.230415
relax.test.theta_AC = 0.094019
relax.test.theta_CT = 0.784159
relax.test.theta_GT = 0.237874
relax.test.theta_CG = 0
relax.test.theta_AT = 0
relax.K = 1
CDJZguqi.tree_id_0.B_New_York_1012_1995_CY174019_03_02_1995.t = 0
CDJZguqi.tree_id_0.B_Victoria_504_2000_AY504604_2000.t = 0.211043
CDJZguqi.tree_id_0.B_Sydney_85_2002_CY151299_07_08_2002.t = 0.0419461
CDJZguqi.tree_id_0.B_Sydney_12_2005_CY151915_07_17_2005.t = 0
CDJZguqi.tree_id_0.B_New_York_1217_2009_CY175427_03_08_2009.t = 0
CDJZguqi.tree_id_0.Node6.t = 0.0419497
CDJZguqi.tree_id_0.Node4.t = 0.126439
CDJZguqi.tree_id_0.Node2.t = 0.0418305
CDJZguqi.tree_id_0.B_Malaysia_13624_2000_CY118293_02_14_2000.t = 0.12457
CDJZguqi.tree_id_0.B_Houston_B56_1997_CY018025_01_27_1997.t = 0.0842832
CDJZguqi.tree_id_0.Node10.t = 0.0423594
CDJZguqi.tree_id_0.B_Wellington_10_2007_CY156108_08_27_2007.t = 0.0841604
CDJZguqi.tree_id_0.B_Taiwan_2171_2004_CY030841_08_10_2004.t = 0
CDJZguqi.tree_id_0.B_Hokkaido_13H080_2014_LC033035_03_17_2014.t = 0.041119
CDJZguqi.tree_id_0.B_New_York_WC_LVD_15_003_2015_CY207965_02_25_2015.t = 0
CDJZguqi.tree_id_0.Node17.t = 0.166171
CDJZguqi.tree_id_0.Node15.t = 0.0402557
CDJZguqi.tree_id_0.Node13.t = 0.126747
CDJZguqi.tree_id_0.Node9.t = 0
Optimization finished in 126 loop passes.
16108 likelihood evaluation calls and 449580 matrix exponentiations calls were made

Variable 'OvCNvhUn.CDJZguqi.likelihoodFunction' was not initialized prior to being used
Set GUI update interval to every 21-th LF evaluation.
Optimization settings:
	OPTIMIZATION_METHOD = 4
	OPTIMIZATION_PRECISION = 0.001
	MAXIMUM_ITERATIONS_PER_VARIABLE = 5000

Initial parameter values

relax.reference.omega1 = 2.28026e-14
relax.reference.bsrel_mixture_aux_0 = 0.463846
relax.reference.bsrel_mixture_aux_1 = 0.656299
relax.reference.omega3 = 1.27981
relax.reference.omega2 = 0
relax.test.theta_AC = 0.0898065
relax.test.theta_CT = 0.777935
relax.test.theta_GT = 0.234851
relax.test.theta_CG = 0
relax.test.theta_AT = 0
CDJZguqi.tree_id_0.B_New_York_1012_1995_CY174019_03_02_1995.t = 0
CDJZguqi.tree_id_0.B_Victoria_504_2000_AY504604_2000.t = 0.142952
CDJZguqi.tree_id_0.B_Sydney_85_2002_CY151299_07_08_2002.t = 0.0284229
CDJZguqi.tree_id_0.B_Sydney_12_2005_CY151915_07_17_2005.t = 0
CDJZguqi.tree_id_0.B_New_York_1217_2009_CY175427_03_08_2009.t = 0
CDJZguqi.tree_id_0.Node6.t = 0.0284106
CDJZguqi.tree_id_0.Node4.t = 0.0869122
CDJZguqi.tree_id_0.Node2.t = 0.0283231
CDJZguqi.tree_id_0.B_Malaysia_13624_2000_CY118293_02_14_2000.t = 0.0840808
CDJZguqi.tree_id_0.B_Houston_B56_1997_CY018025_01_27_1997.t = 0.0565025
CDJZguqi.tree_id_0.Node10.t = 0.0283063
CDJZguqi.tree_id_0.B_Wellington_10_2007_CY156108_08_27_2007.t = 0.0308388
CDJZguqi.tree_id_0.B_Taiwan_2171_2004_CY030841_08_10_2004.t = 0
CDJZguqi.tree_id_0.B_Hokkaido_13H080_2014_LC033035_03_17_2014.t = 0.0145648
CDJZguqi.tree_id_0.B_New_York_WC_LVD_15_003_2015_CY207965_02_25_2015.t = 0
CDJZguqi.tree_id_0.Node17.t = 0.0603824
CDJZguqi.tree_id_0.Node15.t = 0.0147753
CDJZguqi.tree_id_0.Node13.t = 0.0464748
CDJZguqi.tree_id_0.Node9.t = 0
Optimization finished in 52 loop passes.
6283 likelihood evaluation calls and 199338 matrix exponentiations calls were made

Variable 'USE_JSON_FOR_MATRIX' was not initialized prior to being used